/home/runner/work/mdm/mdm/input/mdm.xml:358:36: error: element "sec:Security_Problem_Definition" missing required attribute "title"
/home/runner/work/mdm/mdm/input/mdm.xml:360:18: error: element "sec:Threats" not allowed here; expected text, element "CClaimsInfo", "_", "assignable", "choice", "comment", "ctr", "depends", "endnote", "equation", "external-doc", "figure", "if-opt-app", "implements", "no-link", "provides", "refinement", "requires", "rule", "selectables", "snip", "testlist" or "xref" or an element from another namespace
/home/runner/work/mdm/mdm/input/mdm.xml:599:22: error: element "sec:Assumptions" not allowed here; expected text, element "CClaimsInfo", "_", "assignable", "choice", "comment", "ctr", "depends", "endnote", "equation", "external-doc", "figure", "if-opt-app", "implements", "no-link", "provides", "refinement", "requires", "rule", "selectables", "snip", "testlist" or "xref" or an element from another namespace
/home/runner/work/mdm/mdm/input/mdm.xml:657:43: error: element "sec:Organizational_Security_Policies" not allowed here; expected text, element "CClaimsInfo", "_", "assignable", "choice", "comment", "ctr", "depends", "endnote", "equation", "external-doc", "figure", "if-opt-app", "implements", "no-link", "provides", "refinement", "requires", "rule", "selectables", "snip", "testlist" or "xref" or an element from another namespace
/home/runner/work/mdm/mdm/input/mdm.xml:661:15: error: element "OSP" incomplete; missing required element "objective-refer"
/home/runner/work/mdm/mdm/input/mdm.xml:689:37: error: element "sec:Security_Problem_Definition" incomplete; missing required element "CClaimsInfo"
/home/runner/work/mdm/mdm/input/mdm.xml:695:13: error: element "SOEs" not allowed here; expected the element end-tag, text, element "_", "assignable", "choice", "comment", "ctr", "depends", "endnote", "equation", "external-doc", "figure", "if-opt-app", "implements", "no-link", "provides", "refinement", "requires", "rule", "section", "selectables", "snip", "testlist" or "xref" or an element from another namespace
/home/runner/work/mdm/mdm/input/mdm.xml:760:64: error: element "audit-table" not allowed here; expected the element end-tag, text, element "_", "assignable", "choice", "comment", "ctr", "depends", "endnote", "equation", "external-doc", "figure", "if-opt-app", "implements", "no-link", "provides", "refinement", "requires", "rule", "section", "selectables", "snip", "testlist" or "xref" or an element from another namespace
/home/runner/work/mdm/mdm/input/mdm.xml:764:66: error: element "ext-comp-def" not allowed here; expected the element end-tag, text, element "_", "assignable", "choice", "comment", "ctr", "depends", "endnote", "equation", "external-doc", "figure", "if-opt-app", "implements", "no-link", "provides", "refinement", "requires", "rule", "section", "selectables", "snip", "testlist" or "xref" or an element from another namespace
/home/runner/work/mdm/mdm/input/mdm.xml:767:116: error: element "ext-comp-def" not allowed here; expected the element end-tag, text, element "_", "assignable", "choice", "comment", "ctr", "depends", "endnote", "equation", "external-doc", "figure", "if-opt-app", "implements", "no-link", "provides", "refinement", "requires", "rule", "section", "selectables", "snip", "testlist" or "xref" or an element from another namespace
/home/runner/work/mdm/mdm/input/mdm.xml:770:80: error: element "ext-comp-def" not allowed here; expected the element end-tag, text, element "_", "assignable", "choice", "comment", "ctr", "depends", "endnote", "equation", "external-doc", "figure", "if-opt-app", "implements", "no-link", "provides", "refinement", "requires", "rule", "section", "selectables", "snip", "testlist" or "xref" or an element from another namespace
/home/runner/work/mdm/mdm/input/mdm.xml:774:84: error: element "f-component" not allowed here; expected the element end-tag, text, element "_", "assignable", "choice", "comment", "ctr", "depends", "endnote", "equation", "external-doc", "figure", "if-opt-app", "implements", "no-link", "provides", "refinement", "requires", "rule", "section", "selectables", "snip", "testlist" or "xref" or an element from another namespace
/home/runner/work/mdm/mdm/input/mdm.xml:840:134: error: element "f-component" not allowed here; expected the element end-tag, text, element "_", "assignable", "choice", "comment", "ctr", "depends", "endnote", "equation", "external-doc", "figure", "if-opt-app", "implements", "no-link", "provides", "refinement", "requires", "rule", "section", "selectables", "snip", "testlist" or "xref" or an element from another namespace
/home/runner/work/mdm/mdm/input/mdm.xml:926:114: error: element "f-component" not allowed here; expected the element end-tag, text, element "_", "assignable", "choice", "comment", "ctr", "depends", "endnote", "equation", "external-doc", "figure", "if-opt-app", "implements", "no-link", "provides", "refinement", "requires", "rule", "section", "selectables", "snip", "testlist" or "xref" or an element from another namespace
/home/runner/work/mdm/mdm/input/mdm.xml:1060:150: error: element "f-component" not allowed here; expected the element end-tag, text, element "_", "assignable", "choice", "comment", "ctr", "depends", "endnote", "equation", "external-doc", "figure", "if-opt-app", "implements", "no-link", "provides", "refinement", "requires", "rule", "section", "selectables", "snip", "testlist" or "xref" or an element from another namespace
/home/runner/work/mdm/mdm/input/mdm.xml:1126:98: error: element "f-component" not allowed here; expected the element end-tag, text, element "_", "assignable", "choice", "comment", "ctr", "depends", "endnote", "equation", "external-doc", "figure", "if-opt-app", "implements", "no-link", "provides", "refinement", "requires", "rule", "section", "selectables", "snip", "testlist" or "xref" or an element from another namespace
/home/runner/work/mdm/mdm/input/mdm.xml:1160:93: error: element "f-component" not allowed here; expected the element end-tag, text, element "_", "assignable", "choice", "comment", "ctr", "depends", "endnote", "equation", "external-doc", "figure", "if-opt-app", "implements", "no-link", "provides", "refinement", "requires", "rule", "section", "selectables", "snip", "testlist" or "xref" or an element from another namespace
/home/runner/work/mdm/mdm/input/mdm.xml:1208:111: error: element "f-component" not allowed here; expected the element end-tag, text, element "_", "assignable", "choice", "comment", "ctr", "depends", "endnote", "equation", "external-doc", "figure", "if-opt-app", "implements", "no-link", "provides", "refinement", "requires", "rule", "section", "selectables", "snip", "testlist" or "xref" or an element from another namespace
/home/runner/work/mdm/mdm/input/mdm.xml:1257:90: error: element "f-component" not allowed here; expected the element end-tag, text, element "_", "assignable", "choice", "comment", "ctr", "depends", "endnote", "equation", "external-doc", "figure", "if-opt-app", "implements", "no-link", "provides", "refinement", "requires", "rule", "section", "selectables", "snip", "testlist" or "xref" or an element from another namespace
/home/runner/work/mdm/mdm/input/mdm.xml:1310:101: error: element "f-component" not allowed here; expected the element end-tag, text, element "_", "assignable", "choice", "comment", "ctr", "depends", "endnote", "equation", "external-doc", "figure", "if-opt-app", "implements", "no-link", "provides", "refinement", "requires", "rule", "section", "selectables", "snip", "testlist" or "xref" or an element from another namespace
/home/runner/work/mdm/mdm/input/mdm.xml:1373:94: error: element "ext-comp-def" not allowed here; expected the element end-tag, text, element "_", "assignable", "choice", "comment", "ctr", "depends", "endnote", "equation", "external-doc", "figure", "if-opt-app", "implements", "no-link", "provides", "refinement", "requires", "rule", "section", "selectables", "snip", "testlist" or "xref" or an element from another namespace
/home/runner/work/mdm/mdm/input/mdm.xml:1377:131: error: element "f-component" not allowed here; expected the element end-tag, text, element "_", "assignable", "choice", "comment", "ctr", "depends", "endnote", "equation", "external-doc", "figure", "if-opt-app", "implements", "no-link", "provides", "refinement", "requires", "rule", "section", "selectables", "snip", "testlist" or "xref" or an element from another namespace
/home/runner/work/mdm/mdm/input/mdm.xml:1500:81: error: element "ext-comp-def" not allowed here; expected the element end-tag, text, element "_", "assignable", "choice", "comment", "ctr", "depends", "endnote", "equation", "external-doc", "figure", "if-opt-app", "implements", "no-link", "provides", "refinement", "requires", "rule", "section", "selectables", "snip", "testlist" or "xref" or an element from another namespace
/home/runner/work/mdm/mdm/input/mdm.xml:1503:69: error: element "ext-comp-def" not allowed here; expected the element end-tag, text, element "_", "assignable", "choice", "comment", "ctr", "depends", "endnote", "equation", "external-doc", "figure", "if-opt-app", "implements", "no-link", "provides", "refinement", "requires", "rule", "section", "selectables", "snip", "testlist" or "xref" or an element from another namespace
/home/runner/work/mdm/mdm/input/mdm.xml:1506:84: error: element "ext-comp-def" not allowed here; expected the element end-tag, text, element "_", "assignable", "choice", "comment", "ctr", "depends", "endnote", "equation", "external-doc", "figure", "if-opt-app", "implements", "no-link", "provides", "refinement", "requires", "rule", "section", "selectables", "snip", "testlist" or "xref" or an element from another namespace
/home/runner/work/mdm/mdm/input/mdm.xml:1509:88: error: element "ext-comp-def" not allowed here; expected the element end-tag, text, element "_", "assignable", "choice", "comment", "ctr", "depends", "endnote", "equation", "external-doc", "figure", "if-opt-app", "implements", "no-link", "provides", "refinement", "requires", "rule", "section", "selectables", "snip", "testlist" or "xref" or an element from another namespace
/home/runner/work/mdm/mdm/input/mdm.xml:1513:132: error: element "f-component" not allowed here; expected the element end-tag, text, element "_", "assignable", "choice", "comment", "ctr", "depends", "endnote", "equation", "external-doc", "figure", "if-opt-app", "implements", "no-link", "provides", "refinement", "requires", "rule", "section", "selectables", "snip", "testlist" or "xref" or an element from another namespace
/home/runner/work/mdm/mdm/input/mdm.xml:1517:131: error: element "f-component" not allowed here; expected the element end-tag, text, element "_", "assignable", "choice", "comment", "ctr", "depends", "endnote", "equation", "external-doc", "figure", "if-opt-app", "implements", "no-link", "provides", "refinement", "requires", "rule", "section", "selectables", "snip", "testlist" or "xref" or an element from another namespace
/home/runner/work/mdm/mdm/input/mdm.xml:1521:113: error: element "f-component" not allowed here; expected the element end-tag, text, element "_", "assignable", "choice", "comment", "ctr", "depends", "endnote", "equation", "external-doc", "figure", "if-opt-app", "implements", "no-link", "provides", "refinement", "requires", "rule", "section", "selectables", "snip", "testlist" or "xref" or an element from another namespace
/home/runner/work/mdm/mdm/input/mdm.xml:1555:112: error: element "f-component" not allowed here; expected the element end-tag, text, element "_", "assignable", "choice", "comment", "ctr", "depends", "endnote", "equation", "external-doc", "figure", "if-opt-app", "implements", "no-link", "provides", "refinement", "requires", "rule", "section", "selectables", "snip", "testlist" or "xref" or an element from another namespace
/home/runner/work/mdm/mdm/input/mdm.xml:1640:122: error: element "f-component" not allowed here; expected the element end-tag, text, element "_", "assignable", "choice", "comment", "ctr", "depends", "endnote", "equation", "external-doc", "figure", "if-opt-app", "implements", "no-link", "provides", "refinement", "requires", "rule", "section", "selectables", "snip", "testlist" or "xref" or an element from another namespace
/home/runner/work/mdm/mdm/input/mdm.xml:1748:160: error: element "f-component" not allowed here; expected the element end-tag, text, element "_", "assignable", "choice", "comment", "ctr", "depends", "endnote", "equation", "external-doc", "figure", "if-opt-app", "implements", "no-link", "provides", "refinement", "requires", "rule", "section", "selectables", "snip", "testlist" or "xref" or an element from another namespace
/home/runner/work/mdm/mdm/input/mdm.xml:1807:118: error: element "f-component" not allowed here; expected the element end-tag, text, element "_", "assignable", "choice", "comment", "ctr", "depends", "endnote", "equation", "external-doc", "figure", "if-opt-app", "implements", "no-link", "provides", "refinement", "requires", "rule", "section", "selectables", "snip", "testlist" or "xref" or an element from another namespace
/home/runner/work/mdm/mdm/input/mdm.xml:1930:131: error: element "f-component" not allowed here; expected the element end-tag, text, element "_", "assignable", "choice", "comment", "ctr", "depends", "endnote", "equation", "external-doc", "figure", "if-opt-app", "implements", "no-link", "provides", "refinement", "requires", "rule", "section", "selectables", "snip", "testlist" or "xref" or an element from another namespace
/home/runner/work/mdm/mdm/input/mdm.xml:1934:159: error: element "f-component" not allowed here; expected the element end-tag, text, element "_", "assignable", "choice", "comment", "ctr", "depends", "endnote", "equation", "external-doc", "figure", "if-opt-app", "implements", "no-link", "provides", "refinement", "requires", "rule", "section", "selectables", "snip", "testlist" or "xref" or an element from another namespace
/home/runner/work/mdm/mdm/input/mdm.xml:1976:147: error: element "f-component" not allowed here; expected the element end-tag, text, element "_", "assignable", "choice", "comment", "ctr", "depends", "endnote", "equation", "external-doc", "figure", "if-opt-app", "implements", "no-link", "provides", "refinement", "requires", "rule", "section", "selectables", "snip", "testlist" or "xref" or an element from another namespace
/home/runner/work/mdm/mdm/input/mdm.xml:2042:61: error: element "f-component" not allowed here; expected the element end-tag, text, element "_", "assignable", "choice", "comment", "ctr", "depends", "endnote", "equation", "external-doc", "figure", "if-opt-app", "implements", "no-link", "provides", "refinement", "requires", "rule", "section", "selectables", "snip", "testlist" or "xref" or an element from another namespace
/home/runner/work/mdm/mdm/input/mdm.xml:2046:137: error: element "f-component" not allowed here; expected the element end-tag, text, element "_", "assignable", "choice", "comment", "ctr", "depends", "endnote", "equation", "external-doc", "figure", "if-opt-app", "implements", "no-link", "provides", "refinement", "requires", "rule", "section", "selectables", "snip", "testlist" or "xref" or an element from another namespace
/home/runner/work/mdm/mdm/input/mdm.xml:2052:70: error: element "f-component" not allowed here; expected the element end-tag, text, element "_", "assignable", "choice", "comment", "ctr", "depends", "endnote", "equation", "external-doc", "figure", "if-opt-app", "implements", "no-link", "provides", "refinement", "requires", "rule", "section", "selectables", "snip", "testlist" or "xref" or an element from another namespace
/home/runner/work/mdm/mdm/input/mdm.xml:2056:158: error: element "f-component" not allowed here; expected the element end-tag, text, element "_", "assignable", "choice", "comment", "ctr", "depends", "endnote", "equation", "external-doc", "figure", "if-opt-app", "implements", "no-link", "provides", "refinement", "requires", "rule", "section", "selectables", "snip", "testlist" or "xref" or an element from another namespace
/home/runner/work/mdm/mdm/input/mdm.xml:2108:108: error: element "f-component" not allowed here; expected the element end-tag, text, element "_", "assignable", "choice", "comment", "ctr", "depends", "endnote", "equation", "external-doc", "figure", "if-opt-app", "implements", "no-link", "provides", "refinement", "requires", "rule", "section", "selectables", "snip", "testlist" or "xref" or an element from another namespace
/home/runner/work/mdm/mdm/input/mdm.xml:2165:120: error: element "f-component" not allowed here; expected the element end-tag, text, element "_", "assignable", "choice", "comment", "ctr", "depends", "endnote", "equation", "external-doc", "figure", "if-opt-app", "implements", "no-link", "provides", "refinement", "requires", "rule", "section", "selectables", "snip", "testlist" or "xref" or an element from another namespace
/home/runner/work/mdm/mdm/input/mdm.xml:2285:88: error: element "f-component" not allowed here; expected the element end-tag, text, element "_", "assignable", "choice", "comment", "ctr", "depends", "endnote", "equation", "external-doc", "figure", "if-opt-app", "implements", "no-link", "provides", "refinement", "requires", "rule", "section", "selectables", "snip", "testlist" or "xref" or an element from another namespace
/home/runner/work/mdm/mdm/input/mdm.xml:2429:122: error: element "f-component" not allowed here; expected the element end-tag, text, element "_", "assignable", "choice", "comment", "ctr", "depends", "endnote", "equation", "external-doc", "figure", "if-opt-app", "implements", "no-link", "provides", "refinement", "requires", "rule", "section", "selectables", "snip", "testlist" or "xref" or an element from another namespace
/home/runner/work/mdm/mdm/input/mdm.xml:2457:138: error: element "f-component" not allowed here; expected the element end-tag, text, element "_", "assignable", "choice", "comment", "ctr", "depends", "endnote", "equation", "external-doc", "figure", "if-opt-app", "implements", "no-link", "provides", "refinement", "requires", "rule", "section", "selectables", "snip", "testlist" or "xref" or an element from another namespace
/home/runner/work/mdm/mdm/input/mdm.xml:2486:141: error: element "f-component" not allowed here; expected the element end-tag, text, element "_", "assignable", "choice", "comment", "ctr", "depends", "endnote", "equation", "external-doc", "figure", "if-opt-app", "implements", "no-link", "provides", "refinement", "requires", "rule", "section", "selectables", "snip", "testlist" or "xref" or an element from another namespace
/home/runner/work/mdm/mdm/input/mdm.xml:2513:129: error: element "f-component" not allowed here; expected the element end-tag, text, element "_", "assignable", "choice", "comment", "ctr", "depends", "endnote", "equation", "external-doc", "figure", "if-opt-app", "implements", "no-link", "provides", "refinement", "requires", "rule", "section", "selectables", "snip", "testlist" or "xref" or an element from another namespace
/home/runner/work/mdm/mdm/input/mdm.xml:2539:96: error: element "f-component" not allowed here; expected the element end-tag, text, element "_", "assignable", "choice", "comment", "ctr", "depends", "endnote", "equation", "external-doc", "figure", "if-opt-app", "implements", "no-link", "provides", "refinement", "requires", "rule", "section", "selectables", "snip", "testlist" or "xref" or an element from another namespace
/home/runner/work/mdm/mdm/input/mdm.xml:2593:125: error: element "f-component" not allowed here; expected the element end-tag, text, element "_", "assignable", "choice", "comment", "ctr", "depends", "endnote", "equation", "external-doc", "figure", "if-opt-app", "implements", "no-link", "provides", "refinement", "requires", "rule", "section", "selectables", "snip", "testlist" or "xref" or an element from another namespace
/home/runner/work/mdm/mdm/input/mdm.xml:2632:73: error: element "ext-comp-def" not allowed here; expected the element end-tag, text, element "_", "assignable", "choice", "comment", "ctr", "depends", "endnote", "equation", "external-doc", "figure", "if-opt-app", "implements", "no-link", "provides", "refinement", "requires", "rule", "section", "selectables", "snip", "testlist" or "xref" or an element from another namespace
/home/runner/work/mdm/mdm/input/mdm.xml:2635:63: error: element "ext-comp-def" not allowed here; expected the element end-tag, text, element "_", "assignable", "choice", "comment", "ctr", "depends", "endnote", "equation", "external-doc", "figure", "if-opt-app", "implements", "no-link", "provides", "refinement", "requires", "rule", "section", "selectables", "snip", "testlist" or "xref" or an element from another namespace
/home/runner/work/mdm/mdm/input/mdm.xml:2638:66: error: element "ext-comp-def" not allowed here; expected the element end-tag, text, element "_", "assignable", "choice", "comment", "ctr", "depends", "endnote", "equation", "external-doc", "figure", "if-opt-app", "implements", "no-link", "provides", "refinement", "requires", "rule", "section", "selectables", "snip", "testlist" or "xref" or an element from another namespace
/home/runner/work/mdm/mdm/input/mdm.xml:2642:91: error: element "f-component" not allowed here; expected the element end-tag, text, element "_", "assignable", "choice", "comment", "ctr", "depends", "endnote", "equation", "external-doc", "figure", "if-opt-app", "implements", "no-link", "provides", "refinement", "requires", "rule", "section", "selectables", "snip", "testlist" or "xref" or an element from another namespace
/home/runner/work/mdm/mdm/input/mdm.xml:2660:81: error: element "f-component" not allowed here; expected the element end-tag, text, element "_", "assignable", "choice", "comment", "ctr", "depends", "endnote", "equation", "external-doc", "figure", "if-opt-app", "implements", "no-link", "provides", "refinement", "requires", "rule", "section", "selectables", "snip", "testlist" or "xref" or an element from another namespace
/home/runner/work/mdm/mdm/input/mdm.xml:2728:103: error: element "f-component" not allowed here; expected the element end-tag, text, element "_", "assignable", "choice", "comment", "ctr", "depends", "endnote", "equation", "external-doc", "figure", "if-opt-app", "implements", "no-link", "provides", "refinement", "requires", "rule", "section", "selectables", "snip", "testlist" or "xref" or an element from another namespace
/home/runner/work/mdm/mdm/input/mdm.xml:2780:87: error: element "f-component" not allowed here; expected the element end-tag, text, element "_", "assignable", "choice", "comment", "ctr", "depends", "endnote", "equation", "external-doc", "figure", "if-opt-app", "implements", "no-link", "provides", "refinement", "requires", "rule", "section", "selectables", "snip", "testlist" or "xref" or an element from another namespace
/home/runner/work/mdm/mdm/input/mdm.xml:2832:118: error: element "f-component" not allowed here; expected the element end-tag, text, element "_", "assignable", "choice", "comment", "ctr", "depends", "endnote", "equation", "external-doc", "figure", "if-opt-app", "implements", "no-link", "provides", "refinement", "requires", "rule", "section", "selectables", "snip", "testlist" or "xref" or an element from another namespace
/home/runner/work/mdm/mdm/input/mdm.xml:2869:74: error: element "ext-comp-def" not allowed here; expected the element end-tag, text, element "_", "assignable", "choice", "comment", "ctr", "depends", "endnote", "equation", "external-doc", "figure", "if-opt-app", "implements", "no-link", "provides", "refinement", "requires", "rule", "section", "selectables", "snip", "testlist" or "xref" or an element from another namespace
/home/runner/work/mdm/mdm/input/mdm.xml:2872:82: error: element "ext-comp-def" not allowed here; expected the element end-tag, text, element "_", "assignable", "choice", "comment", "ctr", "depends", "endnote", "equation", "external-doc", "figure", "if-opt-app", "implements", "no-link", "provides", "refinement", "requires", "rule", "section", "selectables", "snip", "testlist" or "xref" or an element from another namespace
/home/runner/work/mdm/mdm/input/mdm.xml:2876:130: error: element "f-component" not allowed here; expected the element end-tag, text, element "_", "assignable", "choice", "comment", "ctr", "depends", "endnote", "equation", "external-doc", "figure", "if-opt-app", "implements", "no-link", "provides", "refinement", "requires", "rule", "section", "selectables", "snip", "testlist" or "xref" or an element from another namespace
/home/runner/work/mdm/mdm/input/mdm.xml:2916:165: error: element "f-component" not allowed here; expected the element end-tag, text, element "_", "assignable", "choice", "comment", "ctr", "depends", "endnote", "equation", "external-doc", "figure", "if-opt-app", "implements", "no-link", "provides", "refinement", "requires", "rule", "section", "selectables", "snip", "testlist" or "xref" or an element from another namespace
/home/runner/work/mdm/mdm/input/mdm.xml:2947:173: error: element "f-component" not allowed here; expected the element end-tag, text, element "_", "assignable", "choice", "comment", "ctr", "depends", "endnote", "equation", "external-doc", "figure", "if-opt-app", "implements", "no-link", "provides", "refinement", "requires", "rule", "section", "selectables", "snip", "testlist" or "xref" or an element from another namespace
/home/runner/work/mdm/mdm/input/mdm.xml:2974:92: error: element "f-component" not allowed here; expected the element end-tag, text, element "_", "assignable", "choice", "comment", "ctr", "depends", "endnote", "equation", "external-doc", "figure", "if-opt-app", "implements", "no-link", "provides", "refinement", "requires", "rule", "section", "selectables", "snip", "testlist" or "xref" or an element from another namespace
/home/runner/work/mdm/mdm/input/mdm.xml:3031:127: error: element "f-component" not allowed here; expected the element end-tag, text, element "_", "assignable", "choice", "comment", "ctr", "depends", "endnote", "equation", "external-doc", "figure", "if-opt-app", "implements", "no-link", "provides", "refinement", "requires", "rule", "section", "selectables", "snip", "testlist" or "xref" or an element from another namespace
/home/runner/work/mdm/mdm/input/mdm.xml:3065:119: error: element "f-component" not allowed here; expected the element end-tag, text, element "_", "assignable", "choice", "comment", "ctr", "depends", "endnote", "equation", "external-doc", "figure", "if-opt-app", "implements", "no-link", "provides", "refinement", "requires", "rule", "section", "selectables", "snip", "testlist" or "xref" or an element from another namespace
/home/runner/work/mdm/mdm/input/mdm.xml:3120:152: error: element "f-component" not allowed here; expected the element end-tag, text, element "_", "assignable", "choice", "comment", "ctr", "depends", "endnote", "equation", "external-doc", "figure", "if-opt-app", "implements", "no-link", "provides", "refinement", "requires", "rule", "section", "selectables", "snip", "testlist" or "xref" or an element from another namespace
/home/runner/work/mdm/mdm/input/mdm.xml:3162:180: error: element "f-component" not allowed here; expected the element end-tag, text, element "_", "assignable", "choice", "comment", "ctr", "depends", "endnote", "equation", "external-doc", "figure", "if-opt-app", "implements", "no-link", "provides", "refinement", "requires", "rule", "section", "selectables", "snip", "testlist" or "xref" or an element from another namespace
/home/runner/work/mdm/mdm/input/mdm.xml:3287:183: error: element "f-component" not allowed here; expected the element end-tag, text, element "_", "assignable", "choice", "comment", "ctr", "depends", "endnote", "equation", "external-doc", "figure", "if-opt-app", "implements", "no-link", "provides", "refinement", "requires", "rule", "section", "selectables", "snip", "testlist" or "xref" or an element from another namespace
/home/runner/work/mdm/mdm/input/mdm.xml:3385:115: error: element "f-component" not allowed here; expected the element end-tag, text, element "_", "assignable", "choice", "comment", "ctr", "depends", "endnote", "equation", "external-doc", "figure", "if-opt-app", "implements", "no-link", "provides", "refinement", "requires", "rule", "section", "selectables", "snip", "testlist" or "xref" or an element from another namespace
/home/runner/work/mdm/mdm/input/mdm.xml:3411:155: error: element "f-component" not allowed here; expected the element end-tag, text, element "_", "assignable", "choice", "comment", "ctr", "depends", "endnote", "equation", "external-doc", "figure", "if-opt-app", "implements", "no-link", "provides", "refinement", "requires", "rule", "section", "selectables", "snip", "testlist" or "xref" or an element from another namespace
/home/runner/work/mdm/mdm/input/mdm.xml:3434:87: error: element "ext-comp-def" not allowed here; expected the element end-tag, text, element "_", "assignable", "choice", "comment", "ctr", "depends", "endnote", "equation", "external-doc", "figure", "if-opt-app", "implements", "no-link", "provides", "refinement", "requires", "rule", "section", "selectables", "snip", "testlist" or "xref" or an element from another namespace
/home/runner/work/mdm/mdm/input/mdm.xml:3437:81: error: element "ext-comp-def" not allowed here; expected the element end-tag, text, element "_", "assignable", "choice", "comment", "ctr", "depends", "endnote", "equation", "external-doc", "figure", "if-opt-app", "implements", "no-link", "provides", "refinement", "requires", "rule", "section", "selectables", "snip", "testlist" or "xref" or an element from another namespace
/home/runner/work/mdm/mdm/input/mdm.xml:3440:74: error: element "ext-comp-def" not allowed here; expected the element end-tag, text, element "_", "assignable", "choice", "comment", "ctr", "depends", "endnote", "equation", "external-doc", "figure", "if-opt-app", "implements", "no-link", "provides", "refinement", "requires", "rule", "section", "selectables", "snip", "testlist" or "xref" or an element from another namespace
/home/runner/work/mdm/mdm/input/mdm.xml:3443:67: error: element "ext-comp-def" not allowed here; expected the element end-tag, text, element "_", "assignable", "choice", "comment", "ctr", "depends", "endnote", "equation", "external-doc", "figure", "if-opt-app", "implements", "no-link", "provides", "refinement", "requires", "rule", "section", "selectables", "snip", "testlist" or "xref" or an element from another namespace
/home/runner/work/mdm/mdm/input/mdm.xml:3447:105: error: element "f-component" not allowed here; expected the element end-tag, text, element "_", "assignable", "choice", "comment", "ctr", "depends", "endnote", "equation", "external-doc", "figure", "if-opt-app", "implements", "no-link", "provides", "refinement", "requires", "rule", "section", "selectables", "snip", "testlist" or "xref" or an element from another namespace
/home/runner/work/mdm/mdm/input/mdm.xml:3467:123: error: element "f-component" not allowed here; expected the element end-tag, text, element "_", "assignable", "choice", "comment", "ctr", "depends", "endnote", "equation", "external-doc", "figure", "if-opt-app", "implements", "no-link", "provides", "refinement", "requires", "rule", "section", "selectables", "snip", "testlist" or "xref" or an element from another namespace
/home/runner/work/mdm/mdm/input/mdm.xml:3485:146: error: element "f-component" not allowed here; expected the element end-tag, text, element "_", "assignable", "choice", "comment", "ctr", "depends", "endnote", "equation", "external-doc", "figure", "if-opt-app", "implements", "no-link", "provides", "refinement", "requires", "rule", "section", "selectables", "snip", "testlist" or "xref" or an element from another namespace
/home/runner/work/mdm/mdm/input/mdm.xml:3582:82: error: element "f-component" not allowed here; expected the element end-tag, text, element "_", "assignable", "choice", "comment", "ctr", "depends", "endnote", "equation", "external-doc", "figure", "if-opt-app", "implements", "no-link", "provides", "refinement", "requires", "rule", "section", "selectables", "snip", "testlist" or "xref" or an element from another namespace
/home/runner/work/mdm/mdm/input/mdm.xml:3670:99: error: element "f-component" not allowed here; expected the element end-tag, text, element "_", "assignable", "choice", "comment", "ctr", "depends", "endnote", "equation", "external-doc", "figure", "if-opt-app", "implements", "no-link", "provides", "refinement", "requires", "rule", "section", "selectables", "snip", "testlist" or "xref" or an element from another namespace
/home/runner/work/mdm/mdm/input/mdm.xml:3706:158: error: element "f-component" not allowed here; expected the element end-tag, text, element "_", "assignable", "choice", "comment", "ctr", "depends", "endnote", "equation", "external-doc", "figure", "if-opt-app", "implements", "no-link", "provides", "refinement", "requires", "rule", "section", "selectables", "snip", "testlist" or "xref" or an element from another namespace
/home/runner/work/mdm/mdm/input/mdm.xml:3732:98: error: element "f-component" not allowed here; expected the element end-tag, text, element "_", "assignable", "choice", "comment", "ctr", "depends", "endnote", "equation", "external-doc", "figure", "if-opt-app", "implements", "no-link", "provides", "refinement", "requires", "rule", "section", "selectables", "snip", "testlist" or "xref" or an element from another namespace
/home/runner/work/mdm/mdm/input/mdm.xml:3778:92: error: element "f-component" not allowed here; expected the element end-tag, text, element "_", "assignable", "choice", "comment", "ctr", "depends", "endnote", "equation", "external-doc", "figure", "if-opt-app", "implements", "no-link", "provides", "refinement", "requires", "rule", "section", "selectables", "snip", "testlist" or "xref" or an element from another namespace
/home/runner/work/mdm/mdm/input/mdm.xml:3861:85: error: element "f-component" not allowed here; expected the element end-tag, text, element "_", "assignable", "choice", "comment", "ctr", "depends", "endnote", "equation", "external-doc", "figure", "if-opt-app", "implements", "no-link", "provides", "refinement", "requires", "rule", "section", "selectables", "snip", "testlist" or "xref" or an element from another namespace
/home/runner/work/mdm/mdm/input/mdm.xml:3933:107: error: element "f-component" not allowed here; expected the element end-tag, text, element "_", "assignable", "choice", "comment", "ctr", "depends", "endnote", "equation", "external-doc", "figure", "if-opt-app", "implements", "no-link", "provides", "refinement", "requires", "rule", "section", "selectables", "snip", "testlist" or "xref" or an element from another namespace
/home/runner/work/mdm/mdm/input/mdm.xml:3956:68: error: element "ext-comp-def" not allowed here; expected the element end-tag, text, element "_", "assignable", "choice", "comment", "ctr", "depends", "endnote", "equation", "external-doc", "figure", "if-opt-app", "implements", "no-link", "provides", "refinement", "requires", "rule", "section", "selectables", "snip", "testlist" or "xref" or an element from another namespace
/home/runner/work/mdm/mdm/input/mdm.xml:3960:173: error: element "f-component" not allowed here; expected the element end-tag, text, element "_", "assignable", "choice", "comment", "ctr", "depends", "endnote", "equation", "external-doc", "figure", "if-opt-app", "implements", "no-link", "provides", "refinement", "requires", "rule", "section", "selectables", "snip", "testlist" or "xref" or an element from another namespace
/home/runner/work/mdm/mdm/input/mdm.xml:4086:153: error: element "f-component" not allowed here; expected the element end-tag, text, element "_", "assignable", "choice", "comment", "ctr", "depends", "endnote", "equation", "external-doc", "figure", "if-opt-app", "implements", "no-link", "provides", "refinement", "requires", "rule", "section", "selectables", "snip", "testlist" or "xref" or an element from another namespace
/home/runner/work/mdm/mdm/input/mdm.xml:4260:86: error: element "f-component" not allowed here; expected the element end-tag, text, element "_", "assignable", "choice", "comment", "ctr", "depends", "endnote", "equation", "external-doc", "figure", "if-opt-app", "implements", "no-link", "provides", "refinement", "requires", "rule", "section", "selectables", "snip", "testlist" or "xref" or an element from another namespace
/home/runner/work/mdm/mdm/input/mdm.xml:4345:138: error: element "f-component" not allowed here; expected the element end-tag, text, element "_", "assignable", "choice", "comment", "ctr", "depends", "endnote", "equation", "external-doc", "figure", "if-opt-app", "implements", "no-link", "provides", "refinement", "requires", "rule", "section", "selectables", "snip", "testlist" or "xref" or an element from another namespace
/home/runner/work/mdm/mdm/input/mdm.xml:4448:150: error: element "f-component" not allowed here; expected the element end-tag, text, element "_", "assignable", "choice", "comment", "ctr", "depends", "endnote", "equation", "external-doc", "figure", "if-opt-app", "implements", "no-link", "provides", "refinement", "requires", "rule", "section", "selectables", "snip", "testlist" or "xref" or an element from another namespace
/home/runner/work/mdm/mdm/input/mdm.xml:4533:155: error: element "f-component" not allowed here; expected the element end-tag, text, element "_", "assignable", "choice", "comment", "ctr", "depends", "endnote", "equation", "external-doc", "figure", "if-opt-app", "implements", "no-link", "provides", "refinement", "requires", "rule", "section", "selectables", "snip", "testlist" or "xref" or an element from another namespace
/home/runner/work/mdm/mdm/input/mdm.xml:4622:21: error: element "feature" missing required attributes "id" and "title"
/home/runner/work/mdm/mdm/input/mdm.xml:4622:21: error: element "feature" incomplete; missing required element "description"
/home/runner/work/mdm/mdm/input/mdm.xml:4623:21: error: element "feature" missing required attributes "id" and "title"
/home/runner/work/mdm/mdm/input/mdm.xml:4623:21: error: element "feature" incomplete; missing required element "description"
/home/runner/work/mdm/mdm/input/mdm.xml:4624:21: error: element "feature" missing required attributes "id" and "title"
/home/runner/work/mdm/mdm/input/mdm.xml:4624:21: error: element "feature" incomplete; missing required element "description"
/home/runner/work/mdm/mdm/input/mdm.xml:4719:73: error: element "a-component" not allowed here; expected the element end-tag, text, element "_", "assignable", "choice", "comment", "ctr", "depends", "endnote", "equation", "external-doc", "figure", "if-opt-app", "implements", "no-link", "provides", "refinement", "requires", "rule", "section", "selectables", "snip", "testlist" or "xref" or an element from another namespace
/home/runner/work/mdm/mdm/input/mdm.xml:4728:90: error: element "a-component" not allowed here; expected the element end-tag, text, element "_", "assignable", "choice", "comment", "ctr", "depends", "endnote", "equation", "external-doc", "figure", "if-opt-app", "implements", "no-link", "provides", "refinement", "requires", "rule", "section", "selectables", "snip", "testlist" or "xref" or an element from another namespace
/home/runner/work/mdm/mdm/input/mdm.xml:4787:85: error: element "a-component" not allowed here; expected the element end-tag, text, element "_", "assignable", "choice", "comment", "ctr", "depends", "endnote", "equation", "external-doc", "figure", "if-opt-app", "implements", "no-link", "provides", "refinement", "requires", "rule", "section", "selectables", "snip", "testlist" or "xref" or an element from another namespace
/home/runner/work/mdm/mdm/input/mdm.xml:4860:82: error: element "a-component" not allowed here; expected the element end-tag, text, element "_", "assignable", "choice", "comment", "ctr", "depends", "endnote", "equation", "external-doc", "figure", "if-opt-app", "implements", "no-link", "provides", "refinement", "requires", "rule", "section", "selectables", "snip", "testlist" or "xref" or an element from another namespace
/home/runner/work/mdm/mdm/input/mdm.xml:4893:79: error: element "a-component" not allowed here; expected the element end-tag, text, element "_", "assignable", "choice", "comment", "ctr", "depends", "endnote", "equation", "external-doc", "figure", "if-opt-app", "implements", "no-link", "provides", "refinement", "requires", "rule", "section", "selectables", "snip", "testlist" or "xref" or an element from another namespace
/home/runner/work/mdm/mdm/input/mdm.xml:4911:75: error: element "a-component" not allowed here; expected the element end-tag, text, element "_", "assignable", "choice", "comment", "ctr", "depends", "endnote", "equation", "external-doc", "figure", "if-opt-app", "implements", "no-link", "provides", "refinement", "requires", "rule", "section", "selectables", "snip", "testlist" or "xref" or an element from another namespace
/home/runner/work/mdm/mdm/input/mdm.xml:4942:100: error: element "a-component" not allowed here; expected the element end-tag, text, element "_", "assignable", "choice", "comment", "ctr", "depends", "endnote", "equation", "external-doc", "figure", "if-opt-app", "implements", "no-link", "provides", "refinement", "requires", "rule", "section", "selectables", "snip", "testlist" or "xref" or an element from another namespace
/home/runner/work/mdm/mdm/input/mdm.xml:4974:103: error: element "a-component" not allowed here; expected the element end-tag, text, element "_", "assignable", "choice", "comment", "ctr", "depends", "endnote", "equation", "external-doc", "figure", "if-opt-app", "implements", "no-link", "provides", "refinement", "requires", "rule", "section", "selectables", "snip", "testlist" or "xref" or an element from another namespace
/home/runner/work/mdm/mdm/input/mdm.xml:5035:105: error: element "a-component" not allowed here; expected the element end-tag, text, element "_", "assignable", "choice", "comment", "ctr", "depends", "endnote", "equation", "external-doc", "figure", "if-opt-app", "implements", "no-link", "provides", "refinement", "requires", "rule", "section", "selectables", "snip", "testlist" or "xref" or an element from another namespace
/home/runner/work/mdm/mdm/input/mdm.xml:5118:93: error: element "a-component" not allowed here; expected the element end-tag, text, element "_", "assignable", "choice", "comment", "ctr", "depends", "endnote", "equation", "external-doc", "figure", "if-opt-app", "implements", "no-link", "provides", "refinement", "requires", "rule", "section", "selectables", "snip", "testlist" or "xref" or an element from another namespace
/home/runner/work/mdm/mdm/input/mdm.xml:5185:80: error: element "a-component" not allowed here; expected the element end-tag, text, element "_", "assignable", "choice", "comment", "ctr", "depends", "endnote", "equation", "external-doc", "figure", "if-opt-app", "implements", "no-link", "provides", "refinement", "requires", "rule", "section", "selectables", "snip", "testlist" or "xref" or an element from another namespace
/home/runner/work/mdm/mdm/input/mdm.xml:5223:74: error: element "appendix" not allowed yet; expected element "section" or an element from another namespace
/home/runner/work/mdm/mdm/input/mdm.xml:6023:62: error: element "section" not allowed here; expected the element end-tag or element "extra-css"
