/home/runner/work/mdm/mdm/output/effective.xml:4167:21: error: element "test" not allowed here; expected the element end-tag, text, element "_", "assignable", "choice", "comment", "ctr", "depends", "endnote", "equation", "evidence", "external-doc", "figure", "if-opt-app", "implements", "no-link", "provides", "refinement", "requires", "rule", "selectables", "snip", "test-obj", "testlist" or "xref" or an element from another namespace
/home/runner/work/mdm/mdm/output/effective.xml:4168:21: error: element "test" not allowed here; expected the element end-tag, text, element "_", "assignable", "choice", "comment", "ctr", "depends", "endnote", "equation", "evidence", "external-doc", "figure", "if-opt-app", "implements", "no-link", "provides", "refinement", "requires", "rule", "selectables", "snip", "test-obj", "testlist" or "xref" or an element from another namespace
/home/runner/work/mdm/mdm/output/effective.xml:4169:21: error: element "test" not allowed here; expected the element end-tag, text, element "_", "assignable", "choice", "comment", "ctr", "depends", "endnote", "equation", "evidence", "external-doc", "figure", "if-opt-app", "implements", "no-link", "provides", "refinement", "requires", "rule", "selectables", "snip", "test-obj", "testlist" or "xref" or an element from another namespace
